<?xml version="1.0" encoding="UTF-8"?>
<!-- Generated by org.testng.reporters.JUnitXMLReporter -->
<testsuite hostname="VDUDDUKU-L470" ignored="0" name="Test" tests="3" failures="0" timestamp="2020-07-17T10:49:52 IST" time="159.393" errors="0">
  <testcase name="totalValidation" time="64.227" classname="android.AppiumFramework.Ecommerce_tc_4"/>
  <testcase name="apiDemoTest" time="44.825" classname="android.AppiumFramework.ApiDemoTest"/>
  <testcase name="apiDemoTest" time="44.154" classname="android.AppiumFramework.ApiDemoTest"/>
</testsuite> <!-- Test -->
