<?xml version="1.0" encoding="UTF-8"?>
<!-- Generated by org.testng.reporters.JUnitXMLReporter -->
<testsuite hostname="VDUDDUKU-L470" ignored="0" name="Test" tests="5" failures="0" timestamp="2020-07-18T14:31:20 IST" time="223.296" errors="0">
  <testcase name="totalValidation" time="46.814" classname="android.AppiumFramework.Ecommerce_tc_4"/>
  <testcase name="validateMobileGestures" time="43.004" classname="android.AppiumFramework.Ecommerce_tc_5"/>
  <testcase name="performWebViewAction" time="65.14" classname="android.AppiumFramework.Ecommerce_tc_6"/>
  <testcase name="apiDemoTest" time="25.7" classname="android.AppiumFramework.ApiDemoTest"/>
  <testcase name="apiDemoTest" time="27.341" classname="android.AppiumFramework.ApiDemoTest"/>
</testsuite> <!-- Test -->
