<?xml version="1.0" encoding="UTF-8"?>
<!-- Generated by org.testng.reporters.JUnitXMLReporter -->
<testsuite hostname="VDUDDUKU-L470" ignored="0" name="Test" tests="7" failures="0" timestamp="2020-07-18T16:52:57 IST" time="519.857" errors="0">
  <testcase name="fillForm" time="82.885" classname="android.AppiumFramework.Ecommerce_tc_1"/>
  <testcase name="totalValidation" time="82.38" classname="android.AppiumFramework.Ecommerce_tc_4"/>
  <testcase name="toastMsgValidation" time="62.865" classname="android.AppiumFramework.Ecommerce_tc_2"/>
  <testcase name="validateMobileGestures" time="68.47" classname="android.AppiumFramework.Ecommerce_tc_5"/>
  <testcase name="performWebViewAction" time="92.255" classname="android.AppiumFramework.Ecommerce_tc_6"/>
  <testcase name="apiDemoTest" time="55.428" classname="android.AppiumFramework.ApiDemoTest"/>
  <testcase name="apiDemoTest" time="54.244" classname="android.AppiumFramework.ApiDemoTest"/>
</testsuite> <!-- Test -->
