<?xml version="1.0" encoding="UTF-8"?>
<testng-results skipped="0" failed="0" ignored="0" total="3" passed="3">
  <reporter-output>
  </reporter-output>
  <suite name="Suite" duration-ms="158035" started-at="2020-07-17T10:51:33 IST" finished-at="2020-07-17T10:54:11 IST">
    <groups>
    </groups>
    <test name="Test" duration-ms="158035" started-at="2020-07-17T10:51:33 IST" finished-at="2020-07-17T10:54:11 IST">
      <class name="android.AppiumFramework.Ecommerce_tc_4">
        <test-method status="PASS" signature="killNode()[pri:0, instance:android.AppiumFramework.Ecommerce_tc_4@7f13d6e]" name="killNode" is-config="true" duration-ms="3045" started-at="2020-07-17T10:51:36 IST" finished-at="2020-07-17T10:51:39 IST">
          <reporter-output>
          </reporter-output>
        </test-method> <!-- killNode -->
        <test-method status="PASS" signature="totalValidation()[pri:0, instance:android.AppiumFramework.Ecommerce_tc_4@7f13d6e]" name="totalValidation" duration-ms="59576" started-at="2020-07-17T10:51:39 IST" finished-at="2020-07-17T10:52:38 IST">
          <reporter-output>
          </reporter-output>
        </test-method> <!-- totalValidation -->
      </class> <!-- android.AppiumFramework.Ecommerce_tc_4 -->
      <class name="android.AppiumFramework.ApiDemoTest">
        <test-method status="PASS" signature="killNode()[pri:0, instance:android.AppiumFramework.ApiDemoTest@51cdd8a]" name="killNode" is-config="true" duration-ms="3023" started-at="2020-07-17T10:51:33 IST" finished-at="2020-07-17T10:51:36 IST">
          <reporter-output>
          </reporter-output>
        </test-method> <!-- killNode -->
        <test-method status="PASS" signature="apiDemoTest(java.lang.String)[pri:0, instance:android.AppiumFramework.ApiDemoTest@51cdd8a]" name="apiDemoTest" duration-ms="44820" started-at="2020-07-17T10:52:38 IST" data-provider="InputData" finished-at="2020-07-17T10:53:23 IST">
          <params>
            <param index="0">
              <value>
                <![CDATA[hello]]>
              </value>
            </param>
          </params>
          <reporter-output>
          </reporter-output>
        </test-method> <!-- apiDemoTest -->
        <test-method status="PASS" signature="apiDemoTest(java.lang.String)[pri:0, instance:android.AppiumFramework.ApiDemoTest@51cdd8a]" name="apiDemoTest" duration-ms="47477" started-at="2020-07-17T10:53:23 IST" data-provider="InputData" finished-at="2020-07-17T10:54:11 IST">
          <params>
            <param index="0">
              <value>
                <![CDATA[@#$%]]>
              </value>
            </param>
          </params>
          <reporter-output>
          </reporter-output>
        </test-method> <!-- apiDemoTest -->
      </class> <!-- android.AppiumFramework.ApiDemoTest -->
    </test> <!-- Test -->
  </suite> <!-- Suite -->
</testng-results>
