<?xml version="1.0" encoding="UTF-8"?>
<testsuite xmlns:xsi="http://www.w3.org/2001/XMLSchema-instance" xsi:noNamespaceSchemaLocation="https://maven.apache.org/surefire/maven-surefire-plugin/xsd/surefire-test-report.xsd" name="TestSuite" time="522.639" tests="7" errors="0" skipped="0" failures="0">
  <properties>
[...]
</properties>
  <testcase name="fillForm" classname="android.AppiumFramework.Ecommerce_tc_1" time="88.014"/>
  <testcase name="totalValidation" classname="android.AppiumFramework.Ecommerce_tc_4" time="81.187"/>
  <testcase name="toastMsgValidation" classname="android.AppiumFramework.Ecommerce_tc_2" time="58.937"/>
  <testcase name="validateMobileGestures" classname="android.AppiumFramework.Ecommerce_tc_5" time="68.471"/>
  <testcase name="performWebViewAction" classname="android.AppiumFramework.Ecommerce_tc_6" time="92.281"/>
  <testcase name="apiDemoTest" classname="android.AppiumFramework.ApiDemoTest" time="55.416"/>
  <testcase name="apiDemoTest" classname="android.AppiumFramework.ApiDemoTest" time="54.821"/>
</testsuite>