<?xml version="1.0" encoding="UTF-8"?>
<testng-results skipped="0" failed="0" ignored="0" total="3" passed="3">
  <reporter-output>
  </reporter-output>
  <suite name="Suite" duration-ms="159393" started-at="2020-07-17T10:47:13 IST" finished-at="2020-07-17T10:49:52 IST">
    <groups>
    </groups>
    <test name="Test" duration-ms="159393" started-at="2020-07-17T10:47:13 IST" finished-at="2020-07-17T10:49:52 IST">
      <class name="android.AppiumFramework.Ecommerce_tc_4">
        <test-method status="PASS" signature="killNode()[pri:0, instance:android.AppiumFramework.Ecommerce_tc_4@4eb7f003]" name="killNode" is-config="true" duration-ms="3031" started-at="2020-07-17T10:47:16 IST" finished-at="2020-07-17T10:47:19 IST">
          <reporter-output>
          </reporter-output>
        </test-method> <!-- killNode -->
        <test-method status="PASS" signature="totalValidation()[pri:0, instance:android.AppiumFramework.Ecommerce_tc_4@4eb7f003]" name="totalValidation" duration-ms="64227" started-at="2020-07-17T10:47:19 IST" finished-at="2020-07-17T10:48:23 IST">
          <reporter-output>
          </reporter-output>
        </test-method> <!-- totalValidation -->
      </class> <!-- android.AppiumFramework.Ecommerce_tc_4 -->
      <class name="android.AppiumFramework.ApiDemoTest">
        <test-method status="PASS" signature="killNode()[pri:0, instance:android.AppiumFramework.ApiDemoTest@eafc191]" name="killNode" is-config="true" duration-ms="3039" started-at="2020-07-17T10:47:13 IST" finished-at="2020-07-17T10:47:16 IST">
          <reporter-output>
          </reporter-output>
        </test-method> <!-- killNode -->
        <test-method status="PASS" signature="apiDemoTest(java.lang.String)[pri:0, instance:android.AppiumFramework.ApiDemoTest@eafc191]" name="apiDemoTest" duration-ms="44825" started-at="2020-07-17T10:48:23 IST" data-provider="InputData" finished-at="2020-07-17T10:49:08 IST">
          <params>
            <param index="0">
              <value>
                <![CDATA[hello]]>
              </value>
            </param>
          </params>
          <reporter-output>
          </reporter-output>
        </test-method> <!-- apiDemoTest -->
        <test-method status="PASS" signature="apiDemoTest(java.lang.String)[pri:0, instance:android.AppiumFramework.ApiDemoTest@eafc191]" name="apiDemoTest" duration-ms="44154" started-at="2020-07-17T10:49:08 IST" data-provider="InputData" finished-at="2020-07-17T10:49:52 IST">
          <params>
            <param index="0">
              <value>
                <![CDATA[@#$%]]>
              </value>
            </param>
          </params>
          <reporter-output>
          </reporter-output>
        </test-method> <!-- apiDemoTest -->
      </class> <!-- android.AppiumFramework.ApiDemoTest -->
    </test> <!-- Test -->
  </suite> <!-- Suite -->
</testng-results>
